have_header: checking for pthread.h... -------------------- yes

"gcc -o conftest -I/Users/vasfed/.rvm/rubies/ruby-1.9.2-p180/include/ruby-1.9.1/x86_64-darwin10.7.0 -I/Users/vasfed/.rvm/rubies/ruby-1.9.2-p180/include/ruby-1.9.1/ruby/backward -I/Users/vasfed/.rvm/rubies/ruby-1.9.2-p180/include/ruby-1.9.1 -I. -D_XOPEN_SOURCE -D_DARWIN_C_SOURCE    -O3 -ggdb -Wextra -Wno-unused-parameter -Wno-parentheses -Wpointer-arith -Wwrite-strings -Wno-missing-field-initializers -Wshorten-64-to-32 -Wno-long-long  -fno-common -pipe conftest.c  -L. -L/Users/vasfed/.rvm/rubies/ruby-1.9.2-p180/lib -L. -L/usr/local/lib     -lruby.1.9.1-static  -lpthread -ldl -lobjc "
checked program was:
/* begin */
1: #include "ruby.h"
2: 
3: int main() {return 0;}
/* end */

"gcc -E -I/Users/vasfed/.rvm/rubies/ruby-1.9.2-p180/include/ruby-1.9.1/x86_64-darwin10.7.0 -I/Users/vasfed/.rvm/rubies/ruby-1.9.2-p180/include/ruby-1.9.1/ruby/backward -I/Users/vasfed/.rvm/rubies/ruby-1.9.2-p180/include/ruby-1.9.1 -I. -D_XOPEN_SOURCE -D_DARWIN_C_SOURCE    -O3 -ggdb -Wextra -Wno-unused-parameter -Wno-parentheses -Wpointer-arith -Wwrite-strings -Wno-missing-field-initializers -Wshorten-64-to-32 -Wno-long-long  -fno-common -pipe  conftest.c -o conftest.i"
checked program was:
/* begin */
1: #include "ruby.h"
2: 
3: #include <pthread.h>
/* end */

--------------------

have_func: checking for pthread_atfork()... -------------------- yes

"gcc -o conftest -I/Users/vasfed/.rvm/rubies/ruby-1.9.2-p180/include/ruby-1.9.1/x86_64-darwin10.7.0 -I/Users/vasfed/.rvm/rubies/ruby-1.9.2-p180/include/ruby-1.9.1/ruby/backward -I/Users/vasfed/.rvm/rubies/ruby-1.9.2-p180/include/ruby-1.9.1 -I. -D_XOPEN_SOURCE -D_DARWIN_C_SOURCE    -O3 -ggdb -Wextra -Wno-unused-parameter -Wno-parentheses -Wpointer-arith -Wwrite-strings -Wno-missing-field-initializers -Wshorten-64-to-32 -Wno-long-long  -fno-common -pipe conftest.c  -L. -L/Users/vasfed/.rvm/rubies/ruby-1.9.2-p180/lib -L. -L/usr/local/lib     -lruby.1.9.1-static  -lpthread -ldl -lobjc "
conftest.c: In function ‘t’:
conftest.c:5: error: ‘pthread_atfork’ undeclared (first use in this function)
conftest.c:5: error: (Each undeclared identifier is reported only once
conftest.c:5: error: for each function it appears in.)
checked program was:
/* begin */
1: #include "ruby.h"
2: 
3: /*top*/
4: int main() {return 0;}
5: int t() { void ((*volatile p)()); p = (void ((*)()))pthread_atfork; return 0; }
/* end */

"gcc -o conftest -I/Users/vasfed/.rvm/rubies/ruby-1.9.2-p180/include/ruby-1.9.1/x86_64-darwin10.7.0 -I/Users/vasfed/.rvm/rubies/ruby-1.9.2-p180/include/ruby-1.9.1/ruby/backward -I/Users/vasfed/.rvm/rubies/ruby-1.9.2-p180/include/ruby-1.9.1 -I. -D_XOPEN_SOURCE -D_DARWIN_C_SOURCE    -O3 -ggdb -Wextra -Wno-unused-parameter -Wno-parentheses -Wpointer-arith -Wwrite-strings -Wno-missing-field-initializers -Wshorten-64-to-32 -Wno-long-long  -fno-common -pipe conftest.c  -L. -L/Users/vasfed/.rvm/rubies/ruby-1.9.2-p180/lib -L. -L/usr/local/lib     -lruby.1.9.1-static  -lpthread -ldl -lobjc "
checked program was:
/* begin */
1: #include "ruby.h"
2: 
3: /*top*/
4: int main() {return 0;}
5: int t() { pthread_atfork(); return 0; }
/* end */

--------------------

